Logfile initialized
[INFO] logfile = /Users/jc/Documents/Titanium Studio Workspace/ioio/build.log
[DEBUG] /Library/Application Support/Titanium/mobilesdk/osx/2.1.4.GA/android/builder.py install ioio /opt/android_sdk/android-sdk-mac_x86 /Users/jc/Documents/Titanium Studio Workspace/ioio com.glimworm.app.ioio.v1 8
[INFO] Titanium SDK version: 2.1.4 (11/09/12 12:46 51f2c64)
[DEBUG] Waiting for device to be ready ...
[TRACE] adb devices returned 0 devices/emulators
[TRACE] adb devices returned 0 devices/emulators
[TRACE] adb devices returned 1 devices/emulators
[DEBUG] Device connected... (waited 10 seconds)
[DEBUG] waited 10.067189 seconds on emulator to get ready
[INFO] Waiting for the Android Emulator to become available
[DEBUG] com.glimworm.app.ioio.v1 installed? False
[INFO] Copying CommonJS modules...
[INFO] Copying project resources..
[TRACE] COPYING MODIFIED FILE: /Users/jc/Documents/Titanium Studio Workspace/ioio/Resources/app.js => /Users/jc/Documents/Titanium Studio Workspace/ioio/build/android/bin/assets/Resources/app.js
[TRACE] Generating Java Classes
[DEBUG] Processing Android resource drawables
[DEBUG] copying app icon: /Users/jc/Documents/Titanium Studio Workspace/ioio/build/android/bin/assets/Resources/appicon.png
[DEBUG] generating theme.xml
[DEBUG] found drawable-long-land-hdpi splash screen at /Users/jc/Documents/Titanium Studio Workspace/ioio/Resources/android/images/res-long-land-hdpi/default.png
[DEBUG] copying /Users/jc/Documents/Titanium Studio Workspace/ioio/Resources/android/images/res-long-land-hdpi/default.png splash screen to /Users/jc/Documents/Titanium Studio Workspace/ioio/build/android/res/drawable-long-land-hdpi/background.png
[DEBUG] found drawable-long-land-ldpi splash screen at /Users/jc/Documents/Titanium Studio Workspace/ioio/Resources/android/images/res-long-land-ldpi/default.png
[DEBUG] copying /Users/jc/Documents/Titanium Studio Workspace/ioio/Resources/android/images/res-long-land-ldpi/default.png splash screen to /Users/jc/Documents/Titanium Studio Workspace/ioio/build/android/res/drawable-long-land-ldpi/background.png
[DEBUG] found drawable-long-port-hdpi splash screen at /Users/jc/Documents/Titanium Studio Workspace/ioio/Resources/android/images/res-long-port-hdpi/default.png
[DEBUG] copying /Users/jc/Documents/Titanium Studio Workspace/ioio/Resources/android/images/res-long-port-hdpi/default.png splash screen to /Users/jc/Documents/Titanium Studio Workspace/ioio/build/android/res/drawable-long-port-hdpi/background.png
[DEBUG] found drawable-long-port-ldpi splash screen at /Users/jc/Documents/Titanium Studio Workspace/ioio/Resources/android/images/res-long-port-ldpi/default.png
[DEBUG] copying /Users/jc/Documents/Titanium Studio Workspace/ioio/Resources/android/images/res-long-port-ldpi/default.png splash screen to /Users/jc/Documents/Titanium Studio Workspace/ioio/build/android/res/drawable-long-port-ldpi/background.png
[DEBUG] found drawable-notlong-land-hdpi splash screen at /Users/jc/Documents/Titanium Studio Workspace/ioio/Resources/android/images/res-notlong-land-hdpi/default.png
[DEBUG] copying /Users/jc/Documents/Titanium Studio Workspace/ioio/Resources/android/images/res-notlong-land-hdpi/default.png splash screen to /Users/jc/Documents/Titanium Studio Workspace/ioio/build/android/res/drawable-notlong-land-hdpi/background.png
[DEBUG] found drawable-notlong-land-ldpi splash screen at /Users/jc/Documents/Titanium Studio Workspace/ioio/Resources/android/images/res-notlong-land-ldpi/default.png
[DEBUG] copying /Users/jc/Documents/Titanium Studio Workspace/ioio/Resources/android/images/res-notlong-land-ldpi/default.png splash screen to /Users/jc/Documents/Titanium Studio Workspace/ioio/build/android/res/drawable-notlong-land-ldpi/background.png
[DEBUG] found drawable-notlong-land-mdpi splash screen at /Users/jc/Documents/Titanium Studio Workspace/ioio/Resources/android/images/res-notlong-land-mdpi/default.png
[DEBUG] copying /Users/jc/Documents/Titanium Studio Workspace/ioio/Resources/android/images/res-notlong-land-mdpi/default.png splash screen to /Users/jc/Documents/Titanium Studio Workspace/ioio/build/android/res/drawable-notlong-land-mdpi/background.png
[DEBUG] found drawable-notlong-port-hdpi splash screen at /Users/jc/Documents/Titanium Studio Workspace/ioio/Resources/android/images/res-notlong-port-hdpi/default.png
[DEBUG] copying /Users/jc/Documents/Titanium Studio Workspace/ioio/Resources/android/images/res-notlong-port-hdpi/default.png splash screen to /Users/jc/Documents/Titanium Studio Workspace/ioio/build/android/res/drawable-notlong-port-hdpi/background.png
[DEBUG] found drawable-notlong-port-ldpi splash screen at /Users/jc/Documents/Titanium Studio Workspace/ioio/Resources/android/images/res-notlong-port-ldpi/default.png
[DEBUG] copying /Users/jc/Documents/Titanium Studio Workspace/ioio/Resources/android/images/res-notlong-port-ldpi/default.png splash screen to /Users/jc/Documents/Titanium Studio Workspace/ioio/build/android/res/drawable-notlong-port-ldpi/background.png
[DEBUG] found drawable-notlong-port-mdpi splash screen at /Users/jc/Documents/Titanium Studio Workspace/ioio/Resources/android/images/res-notlong-port-mdpi/default.png
[DEBUG] copying /Users/jc/Documents/Titanium Studio Workspace/ioio/Resources/android/images/res-notlong-port-mdpi/default.png splash screen to /Users/jc/Documents/Titanium Studio Workspace/ioio/build/android/res/drawable-notlong-port-mdpi/background.png
[DEBUG] found splash screen at /Users/jc/Documents/Titanium Studio Workspace/ioio/build/android/bin/assets/Resources/default.png
[TRACE] Writing out AndroidManifest.xml
[DEBUG] adding /Users/jc/Documents/Titanium Studio Workspace/ioio/build/android/gen/com/glimworm/app/ioio/v1/IoioActivity.java to javac build list
[DEBUG] adding /Users/jc/Documents/Titanium Studio Workspace/ioio/build/android/gen/com/glimworm/app/ioio/v1/IoioAppInfo.java to javac build list
[DEBUG] adding /Users/jc/Documents/Titanium Studio Workspace/ioio/build/android/gen/com/glimworm/app/ioio/v1/IoioApplication.java to javac build list
[DEBUG] adding /Users/jc/Documents/Titanium Studio Workspace/ioio/build/android/gen/com/glimworm/app/ioio/v1/R.java to javac build list
[DEBUG] Building Java Sources: "/Users/jc/Documents/Titanium Studio Workspace/ioio/build/android/gen/com/glimworm/app/ioio/v1/IoioActivity.java" "/Users/jc/Documents/Titanium Studio Workspace/ioio/build/android/gen/com/glimworm/app/ioio/v1/IoioAppInfo.java" "/Users/jc/Documents/Titanium Studio Workspace/ioio/build/android/gen/com/glimworm/app/ioio/v1/IoioApplication.java" "/Users/jc/Documents/Titanium Studio Workspace/ioio/build/android/gen/com/glimworm/app/ioio/v1/R.java"
[INFO] Compiling Android Resources... This could take some time
[DEBUG] Android classes.dex built
[DEBUG] creating unsigned apk: /Users/jc/Documents/Titanium Studio Workspace/ioio/build/android/bin/app-unsigned.apk
[DEBUG] from resource zip => assets/Resources/KS_nav_ui.png
[DEBUG] from resource zip => assets/Resources/KS_nav_views.png
[DEBUG] from resource zip => assets/Resources/app.js
[DEBUG] from resource zip => assets/Resources/appicon.png
[DEBUG] from resource zip => assets/Resources/default.png
[DEBUG] from resource zip => assets/app.json
[DEBUG] from resource zip => assets/index.json
[DEBUG] from resource zip => assets/tiapp.xml
[DEBUG] from resource zip => res/drawable/appicon.png
[DEBUG] from resource zip => res/drawable/background.png
[DEBUG] from resource zip => res/layout/titanium_tabgroup.xml
[DEBUG] from resource zip => AndroidManifest.xml
[DEBUG] from resource zip => resources.arsc
[DEBUG] from resource zip => res/drawable-long-land-hdpi/background.png
[DEBUG] from resource zip => res/drawable-long-land-ldpi/background.png
[DEBUG] from resource zip => res/drawable-long-port-hdpi/background.png
[DEBUG] from resource zip => res/drawable-long-port-ldpi/background.png
[DEBUG] from resource zip => res/drawable-notlong-land-hdpi/background.png
[DEBUG] from resource zip => res/drawable-notlong-land-ldpi/background.png
[DEBUG] from resource zip => res/drawable-notlong-land-mdpi/background.png
[DEBUG] from resource zip => res/drawable-notlong-port-hdpi/background.png
[DEBUG] from resource zip => res/drawable-notlong-port-ldpi/background.png
[DEBUG] from resource zip => res/drawable-notlong-port-mdpi/background.png
[DEBUG] from JAR /Library/Application Support/Titanium/mobilesdk/osx/2.1.4.GA/android/modules/titanium-ui.jar => ti/modules/titanium/ui/widget/webview/binding.js
[DEBUG] from JAR /Library/Application Support/Titanium/mobilesdk/osx/2.1.4.GA/android/modules/titanium-ui.jar => ti/modules/titanium/ui/widget/webview/binding.min.js
[DEBUG] from JAR /Library/Application Support/Titanium/mobilesdk/osx/2.1.4.GA/android/modules/titanium-ui.jar => ti/modules/titanium/ui/widget/webview/json2.js
[DEBUG] from JAR /Library/Application Support/Titanium/mobilesdk/osx/2.1.4.GA/android/modules/titanium-ui.jar => ti/modules/titanium/ui/widget/webview/polling.js
[DEBUG] from JAR /Library/Application Support/Titanium/mobilesdk/osx/2.1.4.GA/android/modules/titanium-ui.jar => ti/modules/titanium/ui/widget/webview/polling.min.js
[DEBUG] from JAR /Library/Application Support/Titanium/mobilesdk/osx/2.1.4.GA/android/titanium.jar => org/appcelerator/titanium/build.properties
[DEBUG] from JAR /Library/Application Support/Titanium/mobilesdk/osx/2.1.4.GA/android/titanium.jar => org/appcelerator/titanium/res/drawable/background.png
[DEBUG] from JAR /Library/Application Support/Titanium/mobilesdk/osx/2.1.4.GA/android/titanium.jar => org/appcelerator/titanium/res/drawable/btn_check_buttonless_on.png
[DEBUG] from JAR /Library/Application Support/Titanium/mobilesdk/osx/2.1.4.GA/android/titanium.jar => org/appcelerator/titanium/res/drawable/btn_check_buttonless_on_18.png
[DEBUG] from JAR /Library/Application Support/Titanium/mobilesdk/osx/2.1.4.GA/android/titanium.jar => org/appcelerator/titanium/res/drawable/btn_check_buttonless_on_48.png
[DEBUG] from JAR /Library/Application Support/Titanium/mobilesdk/osx/2.1.4.GA/android/titanium.jar => org/appcelerator/titanium/res/drawable/btn_more.png
[DEBUG] from JAR /Library/Application Support/Titanium/mobilesdk/osx/2.1.4.GA/android/titanium.jar => org/appcelerator/titanium/res/drawable/btn_more_18.png
[DEBUG] from JAR /Library/Application Support/Titanium/mobilesdk/osx/2.1.4.GA/android/titanium.jar => org/appcelerator/titanium/res/drawable/btn_more_48.png
[DEBUG] from JAR /Library/Application Support/Titanium/mobilesdk/osx/2.1.4.GA/android/titanium.jar => org/appcelerator/titanium/res/drawable/btn_picker_normal.9.png
[DEBUG] from JAR /Library/Application Support/Titanium/mobilesdk/osx/2.1.4.GA/android/titanium.jar => org/appcelerator/titanium/res/drawable/btn_picker_pressed.9.png
[DEBUG] from JAR /Library/Application Support/Titanium/mobilesdk/osx/2.1.4.GA/android/titanium.jar => org/appcelerator/titanium/res/drawable/btn_picker_selected.9.png
[DEBUG] from JAR /Library/Application Support/Titanium/mobilesdk/osx/2.1.4.GA/android/titanium.jar => org/appcelerator/titanium/res/drawable/default_icon.png
[DEBUG] from JAR /Library/Application Support/Titanium/mobilesdk/osx/2.1.4.GA/android/titanium.jar => org/appcelerator/titanium/res/drawable/photoDefault.png
[DEBUG] installing native lib: /Users/jc/Documents/Titanium Studio Workspace/ioio/modules/android/com.glimworm.app.module.ioio/0.3/libs/armeabi/libcom.glimworm.app.module.ioio.so
[DEBUG] installing native lib: /Users/jc/Documents/Titanium Studio Workspace/ioio/modules/android/com.glimworm.app.module.ioio/0.3/libs/armeabi-v7a/libcom.glimworm.app.module.ioio.so
[DEBUG] installing native lib: /Users/jc/Documents/Titanium Studio Workspace/ioio/modules/android/com.glimworm.app.module.ioio/0.3/libs/x86/libcom.glimworm.app.module.ioio.so
[DEBUG] installing native SDK libs
[DEBUG] Waiting for device to be ready ...
[TRACE] adb devices returned 1 devices/emulators
[DEBUG] Device connected... (waited 0 seconds)
[DEBUG] waited 0.017936 seconds on emulator to get ready
[INFO] Installing application on device
[INFO] Application installed. Launch from drawer on Home Screen
